<?xml version="1.0" encoding="UTF-8"?>
<!-- Generated by org.testng.reporters.JUnitXMLReporter -->
<testsuite ignored="0" hostname="DESKTOP-K07O5M6" failures="0" tests="3" name="Chrome Browser" time="18.327" errors="0" timestamp="2023-07-13T02:10:47 IST">
  <testcase classname="com.nopCommerce.testCases.TC_ElectronicsPage_002" name="Registration" time="4.599"/>
  <testcase classname="com.nopCommerce.testCases.TC_ElectronicsPage_002" name="Login" time="1.673"/>
  <testcase classname="com.nopCommerce.testCases.TC_ElectronicsPage_002" name="Home_Electronics" time="8.518"/>
</testsuite> <!-- Chrome Browser -->
