<?xml version="1.0" encoding="UTF-8"?>
<testng-results ignored="0" total="5" passed="5" failed="0" skipped="0">
  <reporter-output>
  </reporter-output>
  <suite started-at="2023-07-13T02:10:14 IST" name="Suite" finished-at="2023-07-13T02:10:47 IST" duration-ms="32719">
    <groups>
    </groups>
    <test started-at="2023-07-13T02:10:14 IST" name="Firefox Browser" finished-at="2023-07-13T02:10:28 IST" duration-ms="14015">
      <class name="com.nopCommerce.testCases.TC_Login_001">
        <test-method is-config="true" signature="SetUp(java.lang.String)[pri:0, instance:com.nopCommerce.testCases.TC_Login_001@2c07545f]" started-at="2023-07-13T02:10:14 IST" name="SetUp" finished-at="2023-07-13T02:10:19 IST" duration-ms="4780" status="PASS">
          <params>
            <param index="0">
              <value>
                <![CDATA[firefox]]>
              </value>
            </param>
          </params>
          <reporter-output>
          </reporter-output>
        </test-method> <!-- SetUp -->
        <test-method signature="Registration()[pri:0, instance:com.nopCommerce.testCases.TC_Login_001@2c07545f]" started-at="2023-07-13T02:10:19 IST" name="Registration" finished-at="2023-07-13T02:10:23 IST" duration-ms="4558" status="PASS">
          <reporter-output>
          </reporter-output>
        </test-method> <!-- Registration -->
        <test-method signature="Login()[pri:0, instance:com.nopCommerce.testCases.TC_Login_001@2c07545f]" started-at="2023-07-13T02:10:23 IST" name="Login" finished-at="2023-07-13T02:10:25 IST" depends-on-methods="com.nopCommerce.testCases.TC_Login_001.Registration" duration-ms="1522" status="PASS">
          <reporter-output>
          </reporter-output>
        </test-method> <!-- Login -->
        <test-method is-config="true" signature="tearDown()[pri:0, instance:com.nopCommerce.testCases.TC_Login_001@2c07545f]" started-at="2023-07-13T02:10:25 IST" name="tearDown" finished-at="2023-07-13T02:10:28 IST" duration-ms="3073" status="PASS">
          <reporter-output>
          </reporter-output>
        </test-method> <!-- tearDown -->
      </class> <!-- com.nopCommerce.testCases.TC_Login_001 -->
    </test> <!-- Firefox Browser -->
    <test started-at="2023-07-13T02:10:28 IST" name="Chrome Browser" finished-at="2023-07-13T02:10:47 IST" duration-ms="18327">
      <class name="com.nopCommerce.testCases.TC_ElectronicsPage_002">
        <test-method is-config="true" signature="SetUp(java.lang.String)[pri:0, instance:com.nopCommerce.testCases.TC_ElectronicsPage_002@1c481ff2]" started-at="2023-07-13T02:10:28 IST" name="SetUp" finished-at="2023-07-13T02:10:31 IST" duration-ms="3182" status="PASS">
          <params>
            <param index="0">
              <value>
                <![CDATA[chrome]]>
              </value>
            </param>
          </params>
          <reporter-output>
          </reporter-output>
        </test-method> <!-- SetUp -->
        <test-method signature="Registration()[pri:0, instance:com.nopCommerce.testCases.TC_ElectronicsPage_002@1c481ff2]" started-at="2023-07-13T02:10:31 IST" name="Registration" finished-at="2023-07-13T02:10:36 IST" duration-ms="4599" status="PASS">
          <reporter-output>
          </reporter-output>
        </test-method> <!-- Registration -->
        <test-method signature="Login()[pri:0, instance:com.nopCommerce.testCases.TC_ElectronicsPage_002@1c481ff2]" started-at="2023-07-13T02:10:36 IST" name="Login" finished-at="2023-07-13T02:10:38 IST" depends-on-methods="com.nopCommerce.testCases.TC_ElectronicsPage_002.Registration" duration-ms="1673" status="PASS">
          <reporter-output>
          </reporter-output>
        </test-method> <!-- Login -->
        <test-method signature="Home_Electronics()[pri:0, instance:com.nopCommerce.testCases.TC_ElectronicsPage_002@1c481ff2]" started-at="2023-07-13T02:10:38 IST" name="Home_Electronics" finished-at="2023-07-13T02:10:46 IST" depends-on-methods="com.nopCommerce.testCases.TC_ElectronicsPage_002.Login" duration-ms="8518" status="PASS">
          <reporter-output>
          </reporter-output>
        </test-method> <!-- Home_Electronics -->
        <test-method is-config="true" signature="tearDown()[pri:0, instance:com.nopCommerce.testCases.TC_ElectronicsPage_002@1c481ff2]" started-at="2023-07-13T02:10:46 IST" name="tearDown" finished-at="2023-07-13T02:10:47 IST" duration-ms="339" status="PASS">
          <reporter-output>
          </reporter-output>
        </test-method> <!-- tearDown -->
      </class> <!-- com.nopCommerce.testCases.TC_ElectronicsPage_002 -->
    </test> <!-- Chrome Browser -->
  </suite> <!-- Suite -->
</testng-results>
